<?xml version="1.0" encoding="UTF-8"?>
<!-- Generated by org.testng.reporters.JUnitReportReporter -->
<testsuite skipped="0" hostname="IBM707-PC09E9DX" name="testcasepage.TC004_EditLead" tests="1" failures="0" timestamp="07 Aug 2018 17:11:14 GMT" time="105.527" errors="0">
  <testcase name="editLead" time="105.527" classname="testcasepage.TC004_EditLead"/>
</testsuite> <!-- testcasepage.TC004_EditLead -->
