<?xml version="1.0" encoding="UTF-8"?>
<!-- Generated by org.testng.reporters.JUnitReportReporter -->
<testsuite skipped="0" hostname="IBM707-PC09E9DX" name="testcasepage.TC002_CreateLeadNeg" tests="1" failures="0" timestamp="31 Jul 2018 10:10:47 GMT" time="25.178" errors="0">
  <testcase name="creatLead" time="25.178" classname="testcasepage.TC002_CreateLeadNeg"/>
</testsuite> <!-- testcasepage.TC002_CreateLeadNeg -->
