<?xml version="1.0" encoding="UTF-8"?>
<!-- Generated by org.testng.reporters.JUnitReportReporter -->
<testsuite skipped="0" hostname="IBM707-PC09E9DX" name="testcasepage.TC001_CreateLead" tests="2" failures="0" timestamp="29 Jul 2018 05:08:00 GMT" time="38.349" errors="0">
  <testcase name="creatLead" time="16.825" classname="testcasepage.TC001_CreateLead"/>
  <testcase name="creatLead" time="21.524" classname="testcasepage.TC001_CreateLead"/>
</testsuite> <!-- testcasepage.TC001_CreateLead -->
